Arguments: 
  /Users/valabji/.nvm/versions/node/v12.22.3/bin/node /usr/local/bin/yarn add reac-native

PATH: 
  /Users/valabji/.nvm/versions/node/v12.22.3/bin:/usr/local/bin:/usr/local/sbin:/Users/valabji/bin:/Users/valabji/Library/Android/sdk/emulator:/Users/valabji/Library/Android/sdk/tools:/usr/local/opt/php@7.4/sbin:/usr/local/opt/php@7.4/bin:/Users/valabji/.yarn/bin:/Users/valabji/.config/yarn/global/node_modules/.bin:/Users/valabji/Library/Android/sdk/tools:/Users/valabji/Library/Android/sdk/tools/bin:/Users/valabji/Library/Android/sdk/platform-tools:/opt/homebrew/opt/python@3.9/libexec/bin:/usr/local/bin:/usr/bin:/bin:/usr/sbin:/sbin:/usr/local/share/dotnet:/opt/X11/bin:~/.dotnet/tools:/Library/Apple/usr/bin:/Library/Frameworks/Mono.framework/Versions/Current/Commands:/Users/valabji/.zsh/misc:/Users/valabji/.nvm/versions/node/v12.22.3/bin:/usr/local/sbin:/Users/valabji/bin:/Users/valabji/Library/Android/sdk/emulator:/Users/valabji/Library/Android/sdk/tools:/usr/local/opt/php@7.4/sbin:/usr/local/opt/php@7.4/bin:/Users/valabji/.yarn/bin:/Users/valabji/.config/yarn/global/node_modules/.bin:/Users/valabji/Library/Android/sdk/tools/bin:/Users/valabji/Library/Android/sdk/platform-tools:/opt/homebrew/opt/python@3.9/libexec/bin:/Users/valabji/Developer/flutter/bin:/Users/valabji/Library/Python/3.9/bin:/Users/valabji/Developer/flutter/bin:/Users/valabji/Library/Python/3.9/bin

Yarn version: 
  1.22.4

Node version: 
  12.22.3

Platform: 
  darwin x64

Trace: 
  Error: https://github.com/expo/react-native/archive/sdk-46.0.6.tar.gz: Request failed "404 Not Found"
      at ResponseError.ExtendableBuiltin (/usr/local/lib/node_modules/yarn/lib/cli.js:696:66)
      at new ResponseError (/usr/local/lib/node_modules/yarn/lib/cli.js:802:124)
      at Request.<anonymous> (/usr/local/lib/node_modules/yarn/lib/cli.js:67057:16)
      at Request.emit (events.js:314:20)
      at Request.module.exports.Request.onRequestResponse (/usr/local/lib/node_modules/yarn/lib/cli.js:141625:10)
      at ClientRequest.emit (events.js:314:20)
      at HTTPParser.parserOnIncomingClient (_http_client.js:601:27)
      at HTTPParser.parserOnHeadersComplete (_http_common.js:122:17)
      at TLSSocket.socketOnData (_http_client.js:474:22)
      at TLSSocket.emit (events.js:314:20)

npm manifest: 
  {
    "main": "node_modules/expo/AppEntry.js",
    "scripts": {
      "start": "expo start",
      "android": "expo start --android",
      "ios": "expo start --ios",
      "web": "expo start --web",
      "eject": "expo eject",
      "test": "jest --watchAll"
    },
    "jest": {
      "preset": "jest-expo"
    },
    "dependencies": {
      "@expo-google-fonts/cairo": "^0.2.2",
      "@expo-google-fonts/montserrat": "^0.2.2",
      "@expo-google-fonts/tajawal": "^0.2.2",
      "@expo/vector-icons": "^13.0.0",
      "@material-ui/core": "^4.9.11",
      "@react-native-async-storage/async-storage": "^1.13.0",
      "@react-native-community/masked-view": "0.1.11",
      "@react-navigation/bottom-tabs": "^6.3.2",
      "@react-navigation/drawer": "^6.4.3",
      "@react-navigation/native": "^6.0.11",
      "@react-navigation/stack": "^6.2.2",
      "@react-navigation/web": "^1.0.0-alpha.9",
      "@reduxjs/toolkit": "^1.5.1",
      "expo": "^46.0.6",
      "expo-app-loading": "^2.1.0",
      "expo-asset": "~8.6.1",
      "expo-constants": "~13.2.3",
      "expo-facebook": "~12.2.0",
      "expo-font": "~10.2.0",
      "expo-linear-gradient": "~11.4.0",
      "expo-linking": "~3.2.2",
      "expo-localization": "~13.1.0",
      "expo-splash-screen": "~0.16.1",
      "expo-web-browser": "~11.0.0",
      "fiction-expo-restart": "^1.0.9",
      "i18n-js": "^4.0.2",
      "react": "^18.2.0",
      "react-dom": "^18.2.0",
      "react-native": "https://github.com/expo/react-native/archive/sdk-46.0.6.tar.gz",
      "react-native-gesture-handler": "~2.5.0",
      "react-native-reanimated": "~2.9.1",
      "react-native-safe-area-context": "4.3.1",
      "react-native-screens": "~3.15.0",
      "react-native-svg": "12.4.4",
      "react-native-toast-message": "^2.1.5",
      "react-native-web": "~0.18.7",
      "react-redux": "^8.0.2",
      "sync-storage": "^0.4.2"
    },
    "devDependencies": {
      "@babel/core": "~7.18.10",
      "@types/react": "^18.0.17",
      "@types/react-dom": "^18.0.6",
      "@types/react-native": "~0.69.5",
      "babel-preset-expo": "9.2.0",
      "jest-expo": "^46.0.1",
      "typescript": "~4.7.4"
    },
    "private": true
  }

yarn manifest: 
  No manifest

Lockfile: 
  No lockfile
